[30-Mar-2019 17:30:42 Asia/Tokyo] 


◆◆◆◆◆◆◆◆◆◆◆◆◆◆◆◆◆◆デバッグログ出力開始◆◆◆◆◆◆◆◆◆◆◆◆◆◆◆◆◆◆


[30-Mar-2019 17:30:42 Asia/Tokyo] 
[30-Mar-2019 17:30:44 Asia/Tokyo] PHP Fatal error:  Uncaught TypeError: Return value of UserTable::getUserBioByID() must be of the type string, null returned in D:\xampp\htdocs\works\hiwihi\core\db\table\UserTable.php:83
Stack trace:
#0 D:\xampp\htdocs\works\hiwihi\include\user_box.php(6): UserTable::getUserBioByID(17)
#1 D:\xampp\htdocs\works\hiwihi\timeline.php(9): include('D:\\xampp\\htdocs...')
#2 {main}
  thrown in D:\xampp\htdocs\works\hiwihi\core\db\table\UserTable.php on line 83
[30-Mar-2019 17:32:09 Asia/Tokyo] 


◆◆◆◆◆◆◆◆◆◆◆◆◆◆◆◆◆◆デバッグログ出力開始◆◆◆◆◆◆◆◆◆◆◆◆◆◆◆◆◆◆


[30-Mar-2019 17:32:09 Asia/Tokyo] 
[30-Mar-2019 17:32:09 Asia/Tokyo] getUserPropety: 1
[30-Mar-2019 17:32:09 Asia/Tokyo] getUserPropety: 1
[30-Mar-2019 17:32:09 Asia/Tokyo] getUserPropety: 1
[30-Mar-2019 17:32:09 Asia/Tokyo] PHP Fatal error:  Uncaught TypeError: Return value of UserTable::getUserBioByID() must be of the type string, null returned in D:\xampp\htdocs\works\hiwihi\core\db\table\UserTable.php:83
Stack trace:
#0 D:\xampp\htdocs\works\hiwihi\include\user_box.php(6): UserTable::getUserBioByID(17)
#1 D:\xampp\htdocs\works\hiwihi\timeline.php(9): include('D:\\xampp\\htdocs...')
#2 {main}
  thrown in D:\xampp\htdocs\works\hiwihi\core\db\table\UserTable.php on line 83
[30-Mar-2019 17:32:11 Asia/Tokyo] 


◆◆◆◆◆◆◆◆◆◆◆◆◆◆◆◆◆◆デバッグログ出力開始◆◆◆◆◆◆◆◆◆◆◆◆◆◆◆◆◆◆


[30-Mar-2019 17:32:11 Asia/Tokyo] 
[30-Mar-2019 17:32:11 Asia/Tokyo] getUserPropety: 1
[30-Mar-2019 17:32:11 Asia/Tokyo] getUserPropety: 1
[30-Mar-2019 17:32:11 Asia/Tokyo] getUserPropety: 1
[30-Mar-2019 17:32:11 Asia/Tokyo] PHP Fatal error:  Uncaught TypeError: Return value of UserTable::getUserBioByID() must be of the type string, null returned in D:\xampp\htdocs\works\hiwihi\core\db\table\UserTable.php:83
Stack trace:
#0 D:\xampp\htdocs\works\hiwihi\include\user_box.php(6): UserTable::getUserBioByID(17)
#1 D:\xampp\htdocs\works\hiwihi\timeline.php(9): include('D:\\xampp\\htdocs...')
#2 {main}
  thrown in D:\xampp\htdocs\works\hiwihi\core\db\table\UserTable.php on line 83
[30-Mar-2019 17:32:27 Asia/Tokyo] 


◆◆◆◆◆◆◆◆◆◆◆◆◆◆◆◆◆◆デバッグログ出力開始◆◆◆◆◆◆◆◆◆◆◆◆◆◆◆◆◆◆


[30-Mar-2019 17:32:27 Asia/Tokyo] 
[30-Mar-2019 17:32:27 Asia/Tokyo] getUserPropety: 1
[30-Mar-2019 17:32:27 Asia/Tokyo] getUserPropety: 1
[30-Mar-2019 17:32:27 Asia/Tokyo] getUserPropety: 1
[30-Mar-2019 17:32:27 Asia/Tokyo] PHP Fatal error:  Uncaught TypeError: Return value of UserTable::getUserBioByID() must be of the type string, null returned in D:\xampp\htdocs\works\hiwihi\core\db\table\UserTable.php:83
Stack trace:
#0 D:\xampp\htdocs\works\hiwihi\include\user_box.php(6): UserTable::getUserBioByID(17)
#1 D:\xampp\htdocs\works\hiwihi\timeline.php(9): include('D:\\xampp\\htdocs...')
#2 {main}
  thrown in D:\xampp\htdocs\works\hiwihi\core\db\table\UserTable.php on line 83
[30-Mar-2019 17:34:37 Asia/Tokyo] 


◆◆◆◆◆◆◆◆◆◆◆◆◆◆◆◆◆◆デバッグログ出力開始◆◆◆◆◆◆◆◆◆◆◆◆◆◆◆◆◆◆


[30-Mar-2019 17:34:37 Asia/Tokyo] 
[30-Mar-2019 17:36:21 Asia/Tokyo] 


◆◆◆◆◆◆◆◆◆◆◆◆◆◆◆◆◆◆デバッグログ出力開始◆◆◆◆◆◆◆◆◆◆◆◆◆◆◆◆◆◆


[30-Mar-2019 17:36:21 Asia/Tokyo] 
[30-Mar-2019 17:36:58 Asia/Tokyo] 


◆◆◆◆◆◆◆◆◆◆◆◆◆◆◆◆◆◆デバッグログ出力開始◆◆◆◆◆◆◆◆◆◆◆◆◆◆◆◆◆◆


[30-Mar-2019 17:36:58 Asia/Tokyo] 
[30-Mar-2019 17:38:08 Asia/Tokyo] 


◆◆◆◆◆◆◆◆◆◆◆◆◆◆◆◆◆◆デバッグログ出力開始◆◆◆◆◆◆◆◆◆◆◆◆◆◆◆◆◆◆


[30-Mar-2019 17:38:08 Asia/Tokyo] 
[30-Mar-2019 17:38:42 Asia/Tokyo] 


◆◆◆◆◆◆◆◆◆◆◆◆◆◆◆◆◆◆デバッグログ出力開始◆◆◆◆◆◆◆◆◆◆◆◆◆◆◆◆◆◆


[30-Mar-2019 17:38:42 Asia/Tokyo] 
[30-Mar-2019 17:41:10 Asia/Tokyo] 


◆◆◆◆◆◆◆◆◆◆◆◆◆◆◆◆◆◆デバッグログ出力開始◆◆◆◆◆◆◆◆◆◆◆◆◆◆◆◆◆◆


[30-Mar-2019 17:41:10 Asia/Tokyo] 
[30-Mar-2019 17:43:15 Asia/Tokyo] 


◆◆◆◆◆◆◆◆◆◆◆◆◆◆◆◆◆◆デバッグログ出力開始◆◆◆◆◆◆◆◆◆◆◆◆◆◆◆◆◆◆


[30-Mar-2019 17:43:15 Asia/Tokyo] 
[30-Mar-2019 17:43:25 Asia/Tokyo] 


◆◆◆◆◆◆◆◆◆◆◆◆◆◆◆◆◆◆デバッグログ出力開始◆◆◆◆◆◆◆◆◆◆◆◆◆◆◆◆◆◆


[30-Mar-2019 17:43:25 Asia/Tokyo] 
[30-Mar-2019 17:44:40 Asia/Tokyo] 


◆◆◆◆◆◆◆◆◆◆◆◆◆◆◆◆◆◆デバッグログ出力開始◆◆◆◆◆◆◆◆◆◆◆◆◆◆◆◆◆◆


[30-Mar-2019 17:44:40 Asia/Tokyo] 
[30-Mar-2019 17:45:54 Asia/Tokyo] 


◆◆◆◆◆◆◆◆◆◆◆◆◆◆◆◆◆◆デバッグログ出力開始◆◆◆◆◆◆◆◆◆◆◆◆◆◆◆◆◆◆


[30-Mar-2019 17:45:54 Asia/Tokyo] 
[30-Mar-2019 17:45:55 Asia/Tokyo] 


◆◆◆◆◆◆◆◆◆◆◆◆◆◆◆◆◆◆デバッグログ出力開始◆◆◆◆◆◆◆◆◆◆◆◆◆◆◆◆◆◆


[30-Mar-2019 17:45:55 Asia/Tokyo] 
[30-Mar-2019 17:47:13 Asia/Tokyo] 


◆◆◆◆◆◆◆◆◆◆◆◆◆◆◆◆◆◆デバッグログ出力開始◆◆◆◆◆◆◆◆◆◆◆◆◆◆◆◆◆◆


[30-Mar-2019 17:47:13 Asia/Tokyo] 
[30-Mar-2019 17:51:46 Asia/Tokyo] 


◆◆◆◆◆◆◆◆◆◆◆◆◆◆◆◆◆◆デバッグログ出力開始◆◆◆◆◆◆◆◆◆◆◆◆◆◆◆◆◆◆


[30-Mar-2019 17:51:46 Asia/Tokyo] 
[30-Mar-2019 17:51:52 Asia/Tokyo] 


◆◆◆◆◆◆◆◆◆◆◆◆◆◆◆◆◆◆デバッグログ出力開始◆◆◆◆◆◆◆◆◆◆◆◆◆◆◆◆◆◆


[30-Mar-2019 17:51:52 Asia/Tokyo] 
[30-Mar-2019 17:51:56 Asia/Tokyo] 


◆◆◆◆◆◆◆◆◆◆◆◆◆◆◆◆◆◆デバッグログ出力開始◆◆◆◆◆◆◆◆◆◆◆◆◆◆◆◆◆◆


[30-Mar-2019 17:51:56 Asia/Tokyo] 
[30-Mar-2019 17:52:05 Asia/Tokyo] 


◆◆◆◆◆◆◆◆◆◆◆◆◆◆◆◆◆◆デバッグログ出力開始◆◆◆◆◆◆◆◆◆◆◆◆◆◆◆◆◆◆


[30-Mar-2019 17:52:05 Asia/Tokyo] 
[30-Mar-2019 18:13:56 Asia/Tokyo] 


◆◆◆◆◆◆◆◆◆◆◆◆◆◆◆◆◆◆デバッグログ出力開始◆◆◆◆◆◆◆◆◆◆◆◆◆◆◆◆◆◆


[30-Mar-2019 18:13:56 Asia/Tokyo] 
[30-Mar-2019 18:17:23 Asia/Tokyo] 


◆◆◆◆◆◆◆◆◆◆◆◆◆◆◆◆◆◆デバッグログ出力開始◆◆◆◆◆◆◆◆◆◆◆◆◆◆◆◆◆◆


[30-Mar-2019 18:17:23 Asia/Tokyo] 
[30-Mar-2019 18:21:10 Asia/Tokyo] 


◆◆◆◆◆◆◆◆◆◆◆◆◆◆◆◆◆◆デバッグログ出力開始◆◆◆◆◆◆◆◆◆◆◆◆◆◆◆◆◆◆


[30-Mar-2019 18:21:10 Asia/Tokyo] 
[30-Mar-2019 18:27:53 Asia/Tokyo] 


◆◆◆◆◆◆◆◆◆◆◆◆◆◆◆◆◆◆デバッグログ出力開始◆◆◆◆◆◆◆◆◆◆◆◆◆◆◆◆◆◆


[30-Mar-2019 18:27:53 Asia/Tokyo] 
[30-Mar-2019 18:37:41 Asia/Tokyo] 


◆◆◆◆◆◆◆◆◆◆◆◆◆◆◆◆◆◆デバッグログ出力開始◆◆◆◆◆◆◆◆◆◆◆◆◆◆◆◆◆◆


[30-Mar-2019 18:37:41 Asia/Tokyo] 
[30-Mar-2019 18:37:57 Asia/Tokyo] 


◆◆◆◆◆◆◆◆◆◆◆◆◆◆◆◆◆◆デバッグログ出力開始◆◆◆◆◆◆◆◆◆◆◆◆◆◆◆◆◆◆


[30-Mar-2019 18:37:57 Asia/Tokyo] 
[30-Mar-2019 18:49:37 Asia/Tokyo] 


◆◆◆◆◆◆◆◆◆◆◆◆◆◆◆◆◆◆デバッグログ出力開始◆◆◆◆◆◆◆◆◆◆◆◆◆◆◆◆◆◆


[30-Mar-2019 18:49:37 Asia/Tokyo] 
[30-Mar-2019 18:53:51 Asia/Tokyo] 


◆◆◆◆◆◆◆◆◆◆◆◆◆◆◆◆◆◆デバッグログ出力開始◆◆◆◆◆◆◆◆◆◆◆◆◆◆◆◆◆◆


[30-Mar-2019 18:53:51 Asia/Tokyo] 
[30-Mar-2019 18:54:01 Asia/Tokyo] 


◆◆◆◆◆◆◆◆◆◆◆◆◆◆◆◆◆◆デバッグログ出力開始◆◆◆◆◆◆◆◆◆◆◆◆◆◆◆◆◆◆


[30-Mar-2019 18:54:01 Asia/Tokyo] 
[30-Mar-2019 18:54:19 Asia/Tokyo] 


◆◆◆◆◆◆◆◆◆◆◆◆◆◆◆◆◆◆デバッグログ出力開始◆◆◆◆◆◆◆◆◆◆◆◆◆◆◆◆◆◆


[30-Mar-2019 18:54:19 Asia/Tokyo] 
[30-Mar-2019 18:55:05 Asia/Tokyo] 


◆◆◆◆◆◆◆◆◆◆◆◆◆◆◆◆◆◆デバッグログ出力開始◆◆◆◆◆◆◆◆◆◆◆◆◆◆◆◆◆◆


[30-Mar-2019 18:55:05 Asia/Tokyo] 
[30-Mar-2019 18:55:42 Asia/Tokyo] 


◆◆◆◆◆◆◆◆◆◆◆◆◆◆◆◆◆◆デバッグログ出力開始◆◆◆◆◆◆◆◆◆◆◆◆◆◆◆◆◆◆


[30-Mar-2019 18:55:42 Asia/Tokyo] 
[30-Mar-2019 18:59:30 Asia/Tokyo] 


◆◆◆◆◆◆◆◆◆◆◆◆◆◆◆◆◆◆デバッグログ出力開始◆◆◆◆◆◆◆◆◆◆◆◆◆◆◆◆◆◆


[30-Mar-2019 18:59:30 Asia/Tokyo] 
[30-Mar-2019 19:10:13 Asia/Tokyo] 


◆◆◆◆◆◆◆◆◆◆◆◆◆◆◆◆◆◆デバッグログ出力開始◆◆◆◆◆◆◆◆◆◆◆◆◆◆◆◆◆◆


[30-Mar-2019 19:10:13 Asia/Tokyo] 
[30-Mar-2019 19:10:24 Asia/Tokyo] 


◆◆◆◆◆◆◆◆◆◆◆◆◆◆◆◆◆◆デバッグログ出力開始◆◆◆◆◆◆◆◆◆◆◆◆◆◆◆◆◆◆


[30-Mar-2019 19:10:24 Asia/Tokyo] 
[30-Mar-2019 19:11:24 Asia/Tokyo] 


◆◆◆◆◆◆◆◆◆◆◆◆◆◆◆◆◆◆デバッグログ出力開始◆◆◆◆◆◆◆◆◆◆◆◆◆◆◆◆◆◆


[30-Mar-2019 19:11:24 Asia/Tokyo] 
[30-Mar-2019 19:12:02 Asia/Tokyo] 


◆◆◆◆◆◆◆◆◆◆◆◆◆◆◆◆◆◆デバッグログ出力開始◆◆◆◆◆◆◆◆◆◆◆◆◆◆◆◆◆◆


[30-Mar-2019 19:12:02 Asia/Tokyo] 
[30-Mar-2019 19:31:18 Asia/Tokyo] 


◆◆◆◆◆◆◆◆◆◆◆◆◆◆◆◆◆◆デバッグログ出力開始◆◆◆◆◆◆◆◆◆◆◆◆◆◆◆◆◆◆


[30-Mar-2019 19:31:18 Asia/Tokyo] 
[30-Mar-2019 19:31:47 Asia/Tokyo] 


◆◆◆◆◆◆◆◆◆◆◆◆◆◆◆◆◆◆デバッグログ出力開始◆◆◆◆◆◆◆◆◆◆◆◆◆◆◆◆◆◆


[30-Mar-2019 19:31:47 Asia/Tokyo] 
[30-Mar-2019 19:32:56 Asia/Tokyo] 


◆◆◆◆◆◆◆◆◆◆◆◆◆◆◆◆◆◆デバッグログ出力開始◆◆◆◆◆◆◆◆◆◆◆◆◆◆◆◆◆◆


[30-Mar-2019 19:32:56 Asia/Tokyo] 
[30-Mar-2019 19:33:29 Asia/Tokyo] 


◆◆◆◆◆◆◆◆◆◆◆◆◆◆◆◆◆◆デバッグログ出力開始◆◆◆◆◆◆◆◆◆◆◆◆◆◆◆◆◆◆


[30-Mar-2019 19:33:29 Asia/Tokyo] 
[30-Mar-2019 19:34:05 Asia/Tokyo] 


◆◆◆◆◆◆◆◆◆◆◆◆◆◆◆◆◆◆デバッグログ出力開始◆◆◆◆◆◆◆◆◆◆◆◆◆◆◆◆◆◆


[30-Mar-2019 19:34:05 Asia/Tokyo] 
[30-Mar-2019 19:34:16 Asia/Tokyo] 


◆◆◆◆◆◆◆◆◆◆◆◆◆◆◆◆◆◆デバッグログ出力開始◆◆◆◆◆◆◆◆◆◆◆◆◆◆◆◆◆◆


[30-Mar-2019 19:34:16 Asia/Tokyo] 
[30-Mar-2019 19:34:57 Asia/Tokyo] 


◆◆◆◆◆◆◆◆◆◆◆◆◆◆◆◆◆◆デバッグログ出力開始◆◆◆◆◆◆◆◆◆◆◆◆◆◆◆◆◆◆


[30-Mar-2019 19:34:57 Asia/Tokyo] 
[30-Mar-2019 19:36:09 Asia/Tokyo] 


◆◆◆◆◆◆◆◆◆◆◆◆◆◆◆◆◆◆デバッグログ出力開始◆◆◆◆◆◆◆◆◆◆◆◆◆◆◆◆◆◆


[30-Mar-2019 19:36:09 Asia/Tokyo] 
[30-Mar-2019 19:36:28 Asia/Tokyo] 


◆◆◆◆◆◆◆◆◆◆◆◆◆◆◆◆◆◆デバッグログ出力開始◆◆◆◆◆◆◆◆◆◆◆◆◆◆◆◆◆◆


[30-Mar-2019 19:36:28 Asia/Tokyo] 
[30-Mar-2019 19:37:01 Asia/Tokyo] 


◆◆◆◆◆◆◆◆◆◆◆◆◆◆◆◆◆◆デバッグログ出力開始◆◆◆◆◆◆◆◆◆◆◆◆◆◆◆◆◆◆


[30-Mar-2019 19:37:01 Asia/Tokyo] 
[30-Mar-2019 19:37:46 Asia/Tokyo] 


◆◆◆◆◆◆◆◆◆◆◆◆◆◆◆◆◆◆デバッグログ出力開始◆◆◆◆◆◆◆◆◆◆◆◆◆◆◆◆◆◆


[30-Mar-2019 19:37:46 Asia/Tokyo] 
[30-Mar-2019 19:38:07 Asia/Tokyo] 


◆◆◆◆◆◆◆◆◆◆◆◆◆◆◆◆◆◆デバッグログ出力開始◆◆◆◆◆◆◆◆◆◆◆◆◆◆◆◆◆◆


[30-Mar-2019 19:38:07 Asia/Tokyo] 
[30-Mar-2019 19:39:09 Asia/Tokyo] 


◆◆◆◆◆◆◆◆◆◆◆◆◆◆◆◆◆◆デバッグログ出力開始◆◆◆◆◆◆◆◆◆◆◆◆◆◆◆◆◆◆


[30-Mar-2019 19:39:09 Asia/Tokyo] 
[30-Mar-2019 19:40:00 Asia/Tokyo] 


◆◆◆◆◆◆◆◆◆◆◆◆◆◆◆◆◆◆デバッグログ出力開始◆◆◆◆◆◆◆◆◆◆◆◆◆◆◆◆◆◆


[30-Mar-2019 19:40:00 Asia/Tokyo] 
[30-Mar-2019 19:40:42 Asia/Tokyo] 


◆◆◆◆◆◆◆◆◆◆◆◆◆◆◆◆◆◆デバッグログ出力開始◆◆◆◆◆◆◆◆◆◆◆◆◆◆◆◆◆◆


[30-Mar-2019 19:40:42 Asia/Tokyo] 
[30-Mar-2019 19:44:12 Asia/Tokyo] 


◆◆◆◆◆◆◆◆◆◆◆◆◆◆◆◆◆◆デバッグログ出力開始◆◆◆◆◆◆◆◆◆◆◆◆◆◆◆◆◆◆


[30-Mar-2019 19:44:12 Asia/Tokyo] 
[30-Mar-2019 19:44:12 Asia/Tokyo] 


◆◆◆◆◆◆◆◆◆◆◆◆◆◆◆◆◆◆デバッグログ出力開始◆◆◆◆◆◆◆◆◆◆◆◆◆◆◆◆◆◆


[30-Mar-2019 19:44:12 Asia/Tokyo] 
[30-Mar-2019 19:44:12 Asia/Tokyo] 


◆◆◆◆◆◆◆◆◆◆◆◆◆◆◆◆◆◆デバッグログ出力開始◆◆◆◆◆◆◆◆◆◆◆◆◆◆◆◆◆◆


[30-Mar-2019 19:44:12 Asia/Tokyo] 
[30-Mar-2019 19:44:12 Asia/Tokyo] 


◆◆◆◆◆◆◆◆◆◆◆◆◆◆◆◆◆◆デバッグログ出力開始◆◆◆◆◆◆◆◆◆◆◆◆◆◆◆◆◆◆


[30-Mar-2019 19:44:12 Asia/Tokyo] 
[30-Mar-2019 19:44:12 Asia/Tokyo] 


◆◆◆◆◆◆◆◆◆◆◆◆◆◆◆◆◆◆デバッグログ出力開始◆◆◆◆◆◆◆◆◆◆◆◆◆◆◆◆◆◆


[30-Mar-2019 19:44:12 Asia/Tokyo] 


◆◆◆◆◆◆◆◆◆◆◆◆◆◆◆◆◆◆デバッグログ出力開始◆◆◆◆◆◆◆◆◆◆◆◆◆◆◆◆◆◆


[30-Mar-2019 19:44:12 Asia/Tokyo] 
[30-Mar-2019 19:44:12 Asia/Tokyo] 
[30-Mar-2019 19:44:15 Asia/Tokyo] 


◆◆◆◆◆◆◆◆◆◆◆◆◆◆◆◆◆◆デバッグログ出力開始◆◆◆◆◆◆◆◆◆◆◆◆◆◆◆◆◆◆


[30-Mar-2019 19:44:15 Asia/Tokyo] 
[30-Mar-2019 19:45:33 Asia/Tokyo] 


◆◆◆◆◆◆◆◆◆◆◆◆◆◆◆◆◆◆デバッグログ出力開始◆◆◆◆◆◆◆◆◆◆◆◆◆◆◆◆◆◆


[30-Mar-2019 19:45:33 Asia/Tokyo] 
[30-Mar-2019 19:46:47 Asia/Tokyo] 


◆◆◆◆◆◆◆◆◆◆◆◆◆◆◆◆◆◆デバッグログ出力開始◆◆◆◆◆◆◆◆◆◆◆◆◆◆◆◆◆◆


[30-Mar-2019 19:46:47 Asia/Tokyo] 
[30-Mar-2019 19:47:23 Asia/Tokyo] 


◆◆◆◆◆◆◆◆◆◆◆◆◆◆◆◆◆◆デバッグログ出力開始◆◆◆◆◆◆◆◆◆◆◆◆◆◆◆◆◆◆


[30-Mar-2019 19:47:23 Asia/Tokyo] 
[30-Mar-2019 19:48:15 Asia/Tokyo] 


◆◆◆◆◆◆◆◆◆◆◆◆◆◆◆◆◆◆デバッグログ出力開始◆◆◆◆◆◆◆◆◆◆◆◆◆◆◆◆◆◆


[30-Mar-2019 19:48:15 Asia/Tokyo] 
[30-Mar-2019 19:50:27 Asia/Tokyo] 


◆◆◆◆◆◆◆◆◆◆◆◆◆◆◆◆◆◆デバッグログ出力開始◆◆◆◆◆◆◆◆◆◆◆◆◆◆◆◆◆◆


[30-Mar-2019 19:50:27 Asia/Tokyo] 
[30-Mar-2019 19:50:48 Asia/Tokyo] 


◆◆◆◆◆◆◆◆◆◆◆◆◆◆◆◆◆◆デバッグログ出力開始◆◆◆◆◆◆◆◆◆◆◆◆◆◆◆◆◆◆


[30-Mar-2019 19:50:48 Asia/Tokyo] 
[30-Mar-2019 21:08:07 Asia/Tokyo] 


◆◆◆◆◆◆◆◆◆◆◆◆◆◆◆◆◆◆デバッグログ出力開始◆◆◆◆◆◆◆◆◆◆◆◆◆◆◆◆◆◆


[30-Mar-2019 21:08:07 Asia/Tokyo] 
[30-Mar-2019 21:09:47 Asia/Tokyo] 


◆◆◆◆◆◆◆◆◆◆◆◆◆◆◆◆◆◆デバッグログ出力開始◆◆◆◆◆◆◆◆◆◆◆◆◆◆◆◆◆◆


[30-Mar-2019 21:09:47 Asia/Tokyo] 
[30-Mar-2019 21:09:58 Asia/Tokyo] 


◆◆◆◆◆◆◆◆◆◆◆◆◆◆◆◆◆◆デバッグログ出力開始◆◆◆◆◆◆◆◆◆◆◆◆◆◆◆◆◆◆


[30-Mar-2019 21:09:58 Asia/Tokyo] 
[30-Mar-2019 21:11:12 Asia/Tokyo] 


◆◆◆◆◆◆◆◆◆◆◆◆◆◆◆◆◆◆デバッグログ出力開始◆◆◆◆◆◆◆◆◆◆◆◆◆◆◆◆◆◆


[30-Mar-2019 21:11:12 Asia/Tokyo] 
[30-Mar-2019 21:15:28 Asia/Tokyo] 


◆◆◆◆◆◆◆◆◆◆◆◆◆◆◆◆◆◆デバッグログ出力開始◆◆◆◆◆◆◆◆◆◆◆◆◆◆◆◆◆◆


[30-Mar-2019 21:15:28 Asia/Tokyo] 
[30-Mar-2019 21:16:31 Asia/Tokyo] 


◆◆◆◆◆◆◆◆◆◆◆◆◆◆◆◆◆◆デバッグログ出力開始◆◆◆◆◆◆◆◆◆◆◆◆◆◆◆◆◆◆


[30-Mar-2019 21:16:31 Asia/Tokyo] 
[30-Mar-2019 21:17:10 Asia/Tokyo] 


◆◆◆◆◆◆◆◆◆◆◆◆◆◆◆◆◆◆デバッグログ出力開始◆◆◆◆◆◆◆◆◆◆◆◆◆◆◆◆◆◆


[30-Mar-2019 21:17:10 Asia/Tokyo] 
[30-Mar-2019 21:25:20 Asia/Tokyo] 


◆◆◆◆◆◆◆◆◆◆◆◆◆◆◆◆◆◆デバッグログ出力開始◆◆◆◆◆◆◆◆◆◆◆◆◆◆◆◆◆◆


[30-Mar-2019 21:25:20 Asia/Tokyo] 
[30-Mar-2019 21:25:20 Asia/Tokyo] PHP Warning:  require_once(D:\xampp\htdocs\works\hiwihi\include./core/const.php): failed to open stream: No such file or directory in D:\xampp\htdocs\works\hiwihi\include\importCore.php on line 7
[30-Mar-2019 21:25:20 Asia/Tokyo] PHP Stack trace:
[30-Mar-2019 21:25:20 Asia/Tokyo] PHP   1. {main}() D:\xampp\htdocs\works\hiwihi\timeline.php:0
[30-Mar-2019 21:25:20 Asia/Tokyo] PHP   2. require_once() D:\xampp\htdocs\works\hiwihi\timeline.php:2
[30-Mar-2019 21:25:20 Asia/Tokyo] PHP   3. require_once() D:\xampp\htdocs\works\hiwihi\include\header.php:2
[30-Mar-2019 21:25:20 Asia/Tokyo] PHP Fatal error:  require_once(): Failed opening required 'D:\xampp\htdocs\works\hiwihi\include./core/const.php' (include_path='D:\xampp\php\PEAR') in D:\xampp\htdocs\works\hiwihi\include\importCore.php on line 7
[30-Mar-2019 21:25:20 Asia/Tokyo] PHP Stack trace:
[30-Mar-2019 21:25:20 Asia/Tokyo] PHP   1. {main}() D:\xampp\htdocs\works\hiwihi\timeline.php:0
[30-Mar-2019 21:25:20 Asia/Tokyo] PHP   2. require_once() D:\xampp\htdocs\works\hiwihi\timeline.php:2
[30-Mar-2019 21:25:20 Asia/Tokyo] PHP   3. require_once() D:\xampp\htdocs\works\hiwihi\include\header.php:2
[30-Mar-2019 21:26:21 Asia/Tokyo] 


◆◆◆◆◆◆◆◆◆◆◆◆◆◆◆◆◆◆デバッグログ出力開始◆◆◆◆◆◆◆◆◆◆◆◆◆◆◆◆◆◆


[30-Mar-2019 21:26:21 Asia/Tokyo] 
[30-Mar-2019 21:26:21 Asia/Tokyo] PHP Warning:  require_once(D:\xampp\htdocs\works\hiwihi\include./core/const.php): failed to open stream: No such file or directory in D:\xampp\htdocs\works\hiwihi\include\importCore.php on line 7
[30-Mar-2019 21:26:21 Asia/Tokyo] PHP Stack trace:
[30-Mar-2019 21:26:21 Asia/Tokyo] PHP   1. {main}() D:\xampp\htdocs\works\hiwihi\timeline.php:0
[30-Mar-2019 21:26:21 Asia/Tokyo] PHP   2. require_once() D:\xampp\htdocs\works\hiwihi\timeline.php:2
[30-Mar-2019 21:26:21 Asia/Tokyo] PHP   3. require_once() D:\xampp\htdocs\works\hiwihi\include\header.php:2
[30-Mar-2019 21:26:21 Asia/Tokyo] PHP Fatal error:  require_once(): Failed opening required 'D:\xampp\htdocs\works\hiwihi\include./core/const.php' (include_path='D:\xampp\php\PEAR') in D:\xampp\htdocs\works\hiwihi\include\importCore.php on line 7
[30-Mar-2019 21:26:21 Asia/Tokyo] PHP Stack trace:
[30-Mar-2019 21:26:21 Asia/Tokyo] PHP   1. {main}() D:\xampp\htdocs\works\hiwihi\timeline.php:0
[30-Mar-2019 21:26:21 Asia/Tokyo] PHP   2. require_once() D:\xampp\htdocs\works\hiwihi\timeline.php:2
[30-Mar-2019 21:26:21 Asia/Tokyo] PHP   3. require_once() D:\xampp\htdocs\works\hiwihi\include\header.php:2
[30-Mar-2019 21:27:16 Asia/Tokyo] 


◆◆◆◆◆◆◆◆◆◆◆◆◆◆◆◆◆◆デバッグログ出力開始◆◆◆◆◆◆◆◆◆◆◆◆◆◆◆◆◆◆


[30-Mar-2019 21:27:16 Asia/Tokyo] 
[30-Mar-2019 21:27:16 Asia/Tokyo] PHP Warning:  require_once(D:\xampp\htdocs\works\hiwihi\include./core/const.php): failed to open stream: No such file or directory in D:\xampp\htdocs\works\hiwihi\include\importCore.php on line 7
[30-Mar-2019 21:27:16 Asia/Tokyo] PHP Stack trace:
[30-Mar-2019 21:27:16 Asia/Tokyo] PHP   1. {main}() D:\xampp\htdocs\works\hiwihi\timeline.php:0
[30-Mar-2019 21:27:16 Asia/Tokyo] PHP   2. require_once() D:\xampp\htdocs\works\hiwihi\timeline.php:2
[30-Mar-2019 21:27:16 Asia/Tokyo] PHP   3. require_once() D:\xampp\htdocs\works\hiwihi\include\header.php:2
[30-Mar-2019 21:27:16 Asia/Tokyo] PHP Fatal error:  require_once(): Failed opening required 'D:\xampp\htdocs\works\hiwihi\include./core/const.php' (include_path='D:\xampp\php\PEAR') in D:\xampp\htdocs\works\hiwihi\include\importCore.php on line 7
[30-Mar-2019 21:27:16 Asia/Tokyo] PHP Stack trace:
[30-Mar-2019 21:27:16 Asia/Tokyo] PHP   1. {main}() D:\xampp\htdocs\works\hiwihi\timeline.php:0
[30-Mar-2019 21:27:16 Asia/Tokyo] PHP   2. require_once() D:\xampp\htdocs\works\hiwihi\timeline.php:2
[30-Mar-2019 21:27:16 Asia/Tokyo] PHP   3. require_once() D:\xampp\htdocs\works\hiwihi\include\header.php:2
[30-Mar-2019 21:27:24 Asia/Tokyo] 


◆◆◆◆◆◆◆◆◆◆◆◆◆◆◆◆◆◆デバッグログ出力開始◆◆◆◆◆◆◆◆◆◆◆◆◆◆◆◆◆◆


[30-Mar-2019 21:27:24 Asia/Tokyo] 
[30-Mar-2019 21:27:24 Asia/Tokyo] PHP Warning:  require_once(D:\xampp\htdocs\works\hiwihi\include./core/const.php): failed to open stream: No such file or directory in D:\xampp\htdocs\works\hiwihi\include\importCore.php on line 7
[30-Mar-2019 21:27:24 Asia/Tokyo] PHP Stack trace:
[30-Mar-2019 21:27:24 Asia/Tokyo] PHP   1. {main}() D:\xampp\htdocs\works\hiwihi\timeline.php:0
[30-Mar-2019 21:27:24 Asia/Tokyo] PHP   2. require_once() D:\xampp\htdocs\works\hiwihi\timeline.php:2
[30-Mar-2019 21:27:24 Asia/Tokyo] PHP   3. require_once() D:\xampp\htdocs\works\hiwihi\include\header.php:2
[30-Mar-2019 21:27:24 Asia/Tokyo] PHP Fatal error:  require_once(): Failed opening required 'D:\xampp\htdocs\works\hiwihi\include./core/const.php' (include_path='D:\xampp\php\PEAR') in D:\xampp\htdocs\works\hiwihi\include\importCore.php on line 7
[30-Mar-2019 21:27:24 Asia/Tokyo] PHP Stack trace:
[30-Mar-2019 21:27:24 Asia/Tokyo] PHP   1. {main}() D:\xampp\htdocs\works\hiwihi\timeline.php:0
[30-Mar-2019 21:27:24 Asia/Tokyo] PHP   2. require_once() D:\xampp\htdocs\works\hiwihi\timeline.php:2
[30-Mar-2019 21:27:24 Asia/Tokyo] PHP   3. require_once() D:\xampp\htdocs\works\hiwihi\include\header.php:2
[30-Mar-2019 21:28:12 Asia/Tokyo] 


◆◆◆◆◆◆◆◆◆◆◆◆◆◆◆◆◆◆デバッグログ出力開始◆◆◆◆◆◆◆◆◆◆◆◆◆◆◆◆◆◆


[30-Mar-2019 21:28:12 Asia/Tokyo] 
[30-Mar-2019 21:28:26 Asia/Tokyo] 


◆◆◆◆◆◆◆◆◆◆◆◆◆◆◆◆◆◆デバッグログ出力開始◆◆◆◆◆◆◆◆◆◆◆◆◆◆◆◆◆◆


[30-Mar-2019 21:28:26 Asia/Tokyo] 
[30-Mar-2019 21:29:04 Asia/Tokyo] 


◆◆◆◆◆◆◆◆◆◆◆◆◆◆◆◆◆◆デバッグログ出力開始◆◆◆◆◆◆◆◆◆◆◆◆◆◆◆◆◆◆


[30-Mar-2019 21:29:04 Asia/Tokyo] 
